<?xml version="1.0" encoding="UTF-8"?>
<!-- Generated by org.testng.reporters.JUnitXMLReporter -->
<testsuite ignored="0" hostname="DESKTOP-SGMFR42" failures="0" tests="10" name="Default test" time="91.147" errors="0" timestamp="2021-09-26T14:38:30 IST">
  <testcase classname="com.urbanladder.runner.Runner" name="Login" time="9.134"/>
  <testcase classname="com.urbanladder.runner.Runner" name="DiningTable" time="0.0">
    <skipped/>
  </testcase> <!-- DiningTable -->
  <testcase classname="com.urbanladder.runner.Runner" name="Sale" time="11.061"/>
  <testcase classname="com.urbanladder.runner.Runner" name="Living" time="10.035"/>
  <testcase classname="com.urbanladder.runner.Runner" name="Bedroom" time="9.24"/>
  <testcase classname="com.urbanladder.runner.Runner" name="Storage" time="9.101"/>
  <testcase classname="com.urbanladder.runner.Runner" name="Study" time="8.59"/>
  <testcase classname="com.urbanladder.runner.Runner" name="Kids" time="10.994"/>
  <testcase classname="com.urbanladder.runner.Runner" name="GiftCard" time="12.23"/>
  <testcase classname="com.urbanladder.runner.Runner" name="BulkOrder" time="4.909"/>
</testsuite> <!-- Default test -->
