<?xml version="1.0" encoding="UTF-8"?>
<!-- Generated by org.testng.reporters.JUnitXMLReporter -->
<testsuite ignored="0" hostname="DESKTOP-SGMFR42" failures="0" tests="10" name="Test" time="97.176" errors="0" timestamp="2021-09-26T22:31:41 IST">
  <testcase classname="com.urbanladder.runner.Runner" name="Login" time="12.555"/>
  <testcase classname="com.urbanladder.runner.Runner" name="DiningTable" time="2.129"/>
  <testcase classname="com.urbanladder.runner.Runner" name="Sale" time="11.955"/>
  <testcase classname="com.urbanladder.runner.Runner" name="Living" time="9.373"/>
  <testcase classname="com.urbanladder.runner.Runner" name="Bedroom" time="8.859"/>
  <testcase classname="com.urbanladder.runner.Runner" name="Storage" time="8.724"/>
  <testcase classname="com.urbanladder.runner.Runner" name="Study" time="8.758"/>
  <testcase classname="com.urbanladder.runner.Runner" name="Kids" time="10.919"/>
  <testcase classname="com.urbanladder.runner.Runner" name="GiftCard" time="11.019"/>
  <testcase classname="com.urbanladder.runner.Runner" name="BulkOrder" time="4.245"/>
</testsuite> <!-- Test -->
